[debug] ----------------------------------------------------------------------
[debug] Command:      /usr/local/Cellar/node/6.9.1/bin/node /usr/local/bin/firebase deploy
[debug] CLI Version:  3.5.0
[debug] Platform:     darwin
[debug] Node Version: v6.9.1
[debug] Time:         Sat Mar 18 2017 19:43:41 GMT-0400 (EDT)
[debug] ----------------------------------------------------------------------
[debug] 
[debug] > command requires scopes: ["email","openid","https://www.googleapis.com/auth/cloudplatformprojects.readonly","https://www.googleapis.com/auth/firebase","https://www.googleapis.com/auth/cloud-platform"]
[debug] >>> HTTP REQUEST GET https://admin.firebase.com/v1/projects/hackbloomfield-001  
 Sat Mar 18 2017 19:43:41 GMT-0400 (EDT)
[debug] <<< HTTP RESPONSE 200
[debug] >>> HTTP REQUEST GET https://admin.firebase.com/v1/database/hackbloomfield-001/tokens  
 Sat Mar 18 2017 19:43:42 GMT-0400 (EDT)
[debug] <<< HTTP RESPONSE 200
[info] 
[info] === Deploying to 'hackbloomfield-001'...
[info] 
[info] i  deploying database, functions, hosting
[info] ✔  database: rules ready to deploy.
[debug] > [functions] package.json contents: {
  "name": "functions",
  "description": "Cloud Functions for Firebase",
  "dependencies": {
    "firebase-admin": "^4.1.2",
    "firebase-functions": "^0.5"
  },
  "private": true
}
[info] i  functions: ensuring necessary APIs are enabled...
[info] i  runtimeconfig: ensuring necessary APIs are enabled...
[debug] >>> HTTP REQUEST GET https://servicemanagement.googleapis.com/v1/services/cloudfunctions.googleapis.com/projectSettings/hackbloomfield-001?view=CONSUMER_VIEW  
 Sat Mar 18 2017 19:43:43 GMT-0400 (EDT)
[debug] >>> HTTP REQUEST GET https://servicemanagement.googleapis.com/v1/services/runtimeconfig.googleapis.com/projectSettings/hackbloomfield-001?view=CONSUMER_VIEW  
 Sat Mar 18 2017 19:43:43 GMT-0400 (EDT)
[debug] <<< HTTP RESPONSE 200
[info] ✔  functions: all necessary APIs are enabled
[debug] <<< HTTP RESPONSE 200
[info] ✔  runtimeconfig: all necessary APIs are enabled
[debug] >>> HTTP REQUEST GET https://appengine.googleapis.com/v1/apps/hackbloomfield-001  
 Sat Mar 18 2017 19:43:43 GMT-0400 (EDT)
[debug] >>> HTTP REQUEST GET https://apikeys.googleapis.com/v1/projects/hackbloomfield-001/apiKeys  
 Sat Mar 18 2017 19:43:43 GMT-0400 (EDT)
[debug] <<< HTTP RESPONSE 200
[debug] <<< HTTP RESPONSE 200
[info] i  functions: preparing functions directory for uploading...
[debug] >>> HTTP REQUEST GET https://runtimeconfig.googleapis.com/v1beta1/projects/hackbloomfield-001/configs  
 Sat Mar 18 2017 19:43:46 GMT-0400 (EDT)
[debug] <<< HTTP RESPONSE 200
[debug] > [functions] runtime config materialized as: {
  "firebase": {
    "databaseURL": "https://hackbloomfield-001.firebaseio.com",
    "storageBucket": "hackbloomfield-001.appspot.com",
    "apiKey": "AIzaSyAStpl5kiwwL7TEw9ZsjQHIF2aIK7kCT5Q",
    "authDomain": "hackbloomfield-001.firebaseapp.com"
  }
}
[debug] > [functions] parsed triggers: [
  {
    "eventTrigger": {
      "resource": "projects/_/instances/hackbloomfield-001/refs/applications",
      "eventType": "providers/google.firebase.database/eventTypes/ref.write"
    },
    "name": "appliedStatusUpdate",
    "entryPoint": "appliedStatusUpdate"
  }
]
[info] i  functions: packaged functions (956 B) for uploading
[debug] >>> HTTP REQUEST GET https://www.googleapis.com/storage/v1/b/staging.hackbloomfield-001.appspot.com  
 Sat Mar 18 2017 19:43:48 GMT-0400 (EDT)
[debug] <<< HTTP RESPONSE 200
[debug] >>> HTTP REQUEST POST https://www.googleapis.com/upload/storage/v1/b/staging.hackbloomfield-001.appspot.com/o?uploadType=media&name=firebase-functions-source ReadStream {
  _readableState: 
   ReadableState {
     objectMode: false,
     highWaterMark: 65536,
     buffer: BufferList { head: [Object], tail: [Object], length: 1 },
     length: 956,
     pipes: null,
     pipesCount: 0,
     flowing: null,
     ended: true,
     endEmitted: false,
     reading: false,
     sync: false,
     needReadable: false,
     emittedReadable: true,
     readableListening: false,
     resumeScheduled: false,
     defaultEncoding: 'utf8',
     ranOut: false,
     awaitDrain: 0,
     readingMore: false,
     decoder: null,
     encoding: null },
  readable: true,
  domain: null,
  _events: { end: [Function] },
  _eventsCount: 1,
  _maxListeners: undefined,
  path: '/var/folders/hv/6d1s19ms2l17_g6nw8khs98h0000gn/T/firebase-functions-191607S9Gf7OSCf5R.zip',
  fd: 19,
  flags: 'r',
  mode: 438,
  start: undefined,
  end: undefined,
  autoClose: true,
  pos: undefined,
  bytesRead: 956 } 
 Sat Mar 18 2017 19:43:49 GMT-0400 (EDT)
[debug] <<< HTTP RESPONSE 200
[info] ✔  functions: functions folder uploaded successfully
[info] i  hosting: preparing _site directory for upload...
[debug] >>> HTTP REQUEST PUT https://deploy.firebase.com/v1/hosting/hackbloomfield-001/uploads/-KfYnXjdvCunlABZMiTC?fileCount=35&message=  
 Sat Mar 18 2017 19:43:50 GMT-0400 (EDT)
[debug] <<< HTTP RESPONSE 200
[info] ✔  hosting: _site folder uploaded successfully
[info] ✔  hosting: 35 files uploaded successfully
[info] i  starting release process (may take several minutes)...
[debug] >>> HTTP REQUEST GET https://cloudfunctions.googleapis.com/v1beta2/projects/hackbloomfield-001/locations/us-central1/functions  
 Sat Mar 18 2017 19:43:54 GMT-0400 (EDT)
[debug] <<< HTTP RESPONSE 200
[info] i  functions: creating function appliedStatusUpdate...
[debug] Trigger is: 
[debug] >>> HTTP REQUEST POST https://cloudfunctions.googleapis.com/v1beta2/projects/hackbloomfield-001/locations/us-central1/functions { sourceArchiveUrl: 'gs://staging.hackbloomfield-001.appspot.com/firebase-functions-source',
  name: 'projects/hackbloomfield-001/locations/us-central1/functions/appliedStatusUpdate',
  entryPoint: 'appliedStatusUpdate',
  eventTrigger: 
   { resource: 'projects/_/instances/hackbloomfield-001/refs/applications',
     eventType: 'providers/google.firebase.database/eventTypes/ref.write' } } 
 Sat Mar 18 2017 19:43:55 GMT-0400 (EDT)
[debug] <<< HTTP RESPONSE 200
[debug] >>> HTTP REQUEST GET https://cloudfunctions.googleapis.com/v1beta2/projects/hackbloomfield-001/locations/us-central1/functions  
 Sat Mar 18 2017 19:43:55 GMT-0400 (EDT)
[debug] >>> HTTP REQUEST GET https://cloudfunctions.googleapis.com/v1beta2/operations/aGFja2Jsb29tZmllbGQtMDAxL3VzLWNlbnRyYWwxL2FwcGxpZWRTdGF0dXNVcGRhdGUvVS1PRDFGNjRXUU0  
 Sat Mar 18 2017 19:43:55 GMT-0400 (EDT)
[debug] <<< HTTP RESPONSE 200
[debug] <<< HTTP RESPONSE 200
[debug] [functions] operation poll: appliedStatusUpdate: create operations/aGFja2Jsb29tZmllbGQtMDAxL3VzLWNlbnRyYWwxL2FwcGxpZWRTdGF0dXNVcGRhdGUvVS1PRDFGNjRXUU0 is not done.
[debug] >>> HTTP REQUEST GET https://cloudfunctions.googleapis.com/v1beta2/operations/aGFja2Jsb29tZmllbGQtMDAxL3VzLWNlbnRyYWwxL2FwcGxpZWRTdGF0dXNVcGRhdGUvVS1PRDFGNjRXUU0  
 Sat Mar 18 2017 19:44:00 GMT-0400 (EDT)
[debug] <<< HTTP RESPONSE 200
[debug] [functions] operation poll: appliedStatusUpdate: create operations/aGFja2Jsb29tZmllbGQtMDAxL3VzLWNlbnRyYWwxL2FwcGxpZWRTdGF0dXNVcGRhdGUvVS1PRDFGNjRXUU0 is not done.
[debug] >>> HTTP REQUEST GET https://cloudfunctions.googleapis.com/v1beta2/operations/aGFja2Jsb29tZmllbGQtMDAxL3VzLWNlbnRyYWwxL2FwcGxpZWRTdGF0dXNVcGRhdGUvVS1PRDFGNjRXUU0  
 Sat Mar 18 2017 19:44:05 GMT-0400 (EDT)
[debug] <<< HTTP RESPONSE 200
[debug] [functions] operation poll: appliedStatusUpdate: create operations/aGFja2Jsb29tZmllbGQtMDAxL3VzLWNlbnRyYWwxL2FwcGxpZWRTdGF0dXNVcGRhdGUvVS1PRDFGNjRXUU0 is not done.
[debug] >>> HTTP REQUEST GET https://cloudfunctions.googleapis.com/v1beta2/operations/aGFja2Jsb29tZmllbGQtMDAxL3VzLWNlbnRyYWwxL2FwcGxpZWRTdGF0dXNVcGRhdGUvVS1PRDFGNjRXUU0  
 Sat Mar 18 2017 19:44:10 GMT-0400 (EDT)
[debug] <<< HTTP RESPONSE 200
[debug] [functions] operation poll: appliedStatusUpdate: create operations/aGFja2Jsb29tZmllbGQtMDAxL3VzLWNlbnRyYWwxL2FwcGxpZWRTdGF0dXNVcGRhdGUvVS1PRDFGNjRXUU0 is not done.
[debug] >>> HTTP REQUEST GET https://cloudfunctions.googleapis.com/v1beta2/operations/aGFja2Jsb29tZmllbGQtMDAxL3VzLWNlbnRyYWwxL2FwcGxpZWRTdGF0dXNVcGRhdGUvVS1PRDFGNjRXUU0  
 Sat Mar 18 2017 19:44:16 GMT-0400 (EDT)
[debug] <<< HTTP RESPONSE 200
[debug] [functions] operation poll: appliedStatusUpdate: create operations/aGFja2Jsb29tZmllbGQtMDAxL3VzLWNlbnRyYWwxL2FwcGxpZWRTdGF0dXNVcGRhdGUvVS1PRDFGNjRXUU0 is not done.
[debug] >>> HTTP REQUEST GET https://cloudfunctions.googleapis.com/v1beta2/operations/aGFja2Jsb29tZmllbGQtMDAxL3VzLWNlbnRyYWwxL2FwcGxpZWRTdGF0dXNVcGRhdGUvVS1PRDFGNjRXUU0  
 Sat Mar 18 2017 19:44:21 GMT-0400 (EDT)
[debug] <<< HTTP RESPONSE 200
[debug] [functions] operation poll: appliedStatusUpdate: create operations/aGFja2Jsb29tZmllbGQtMDAxL3VzLWNlbnRyYWwxL2FwcGxpZWRTdGF0dXNVcGRhdGUvVS1PRDFGNjRXUU0 is not done.
[debug] >>> HTTP REQUEST GET https://cloudfunctions.googleapis.com/v1beta2/operations/aGFja2Jsb29tZmllbGQtMDAxL3VzLWNlbnRyYWwxL2FwcGxpZWRTdGF0dXNVcGRhdGUvVS1PRDFGNjRXUU0  
 Sat Mar 18 2017 19:44:26 GMT-0400 (EDT)
[debug] <<< HTTP RESPONSE 200
[debug] [functions] operation poll: appliedStatusUpdate: create operations/aGFja2Jsb29tZmllbGQtMDAxL3VzLWNlbnRyYWwxL2FwcGxpZWRTdGF0dXNVcGRhdGUvVS1PRDFGNjRXUU0 is not done.
[debug] >>> HTTP REQUEST GET https://cloudfunctions.googleapis.com/v1beta2/operations/aGFja2Jsb29tZmllbGQtMDAxL3VzLWNlbnRyYWwxL2FwcGxpZWRTdGF0dXNVcGRhdGUvVS1PRDFGNjRXUU0  
 Sat Mar 18 2017 19:44:31 GMT-0400 (EDT)
[debug] <<< HTTP RESPONSE 200
[debug] [functions] operation poll: appliedStatusUpdate: create operations/aGFja2Jsb29tZmllbGQtMDAxL3VzLWNlbnRyYWwxL2FwcGxpZWRTdGF0dXNVcGRhdGUvVS1PRDFGNjRXUU0 is not done.
